{
  "Cucumber Features": {
    "coverage": {
      "/Users/Allen/Desktop/bhgh/app/models/brag.rb": [
        1,
        1,
        1,
        1,
        null,
        null,
        1,
        28,
        1,
        null,
        28,
        0,
        null,
        null,
        null,
        1,
        56,
        56,
        null,
        null,
        1,
        14,
        14,
        1,
        1,
        null,
        1,
        null,
        14,
        null,
        null,
        1,
        3,
        1,
        1,
        2,
        null,
        1,
        null,
        null
      ],
      "/Users/Allen/Desktop/bhgh/app/models/member.rb": [
        1,
        1,
        17,
        null,
        null
      ],
      "/Users/Allen/Desktop/bhgh/app/controllers/brags_controller.rb": [
        1,
        1,
        14,
        14,
        14,
        null,
        null,
        1,
        1,
        1,
        null,
        null,
        1,
        2,
        2,
        null,
        null,
        1,
        3,
        3,
        3,
        null,
        null,
        1,
        3,
        null,
        null,
        1,
        null,
        4,
        2,
        null,
        2,
        null,
        4,
        4,
        4,
        4,
        4,
        null,
        null,
        3,
        3,
        null,
        null,
        null,
        1,
        null,
        3,
        null,
        1,
        1,
        null,
        null,
        null,
        1,
        1,
        1,
        null,
        null,
        1,
        1,
        1,
        null,
        null,
        null
      ],
      "/Users/Allen/Desktop/bhgh/app/controllers/application_controller.rb": [
        1,
        1,
        1,
        null,
        null,
        null,
        null,
        1,
        54,
        0,
        0,
        null,
        54,
        null,
        null,
        null,
        1,
        54,
        54,
        54,
        null,
        null,
        null,
        null,
        null,
        1,
        0,
        null,
        null
      ],
      "/Users/Allen/Desktop/bhgh/app/helpers/application_helper.rb": [
        1,
        null
      ],
      "/Users/Allen/Desktop/bhgh/app/helpers/auth_helper.rb": [
        1,
        1,
        172,
        null,
        null,
        1,
        44,
        null,
        null
      ],
      "/Users/Allen/Desktop/bhgh/app/helpers/brags_helper.rb": [
        1,
        null
      ],
      "/Users/Allen/Desktop/bhgh/app/helpers/events_helper.rb": [
        1,
        null
      ],
      "/Users/Allen/Desktop/bhgh/app/models/click.rb": [
        1,
        null
      ],
      "/Users/Allen/Desktop/bhgh/app/models/photo.rb": [
        1,
        null
      ],
      "/Users/Allen/Desktop/bhgh/app/models/event.rb": [
        1,
        1,
        13,
        13,
        7,
        7,
        null,
        7,
        null,
        13,
        null,
        null,
        1,
        10,
        4,
        4,
        19,
        null,
        4,
        null,
        null,
        1,
        4,
        4,
        4,
        4,
        4,
        4,
        19,
        19,
        19,
        19,
        19,
        null,
        null,
        null,
        null,
        19,
        null,
        4,
        null,
        null,
        1,
        0,
        null,
        1,
        19,
        19,
        19,
        null,
        null,
        1,
        72,
        null,
        null
      ],
      "/Users/Allen/Desktop/bhgh/app/controllers/events_controller.rb": [
        1,
        1,
        13,
        13,
        17,
        79,
        13,
        15,
        13,
        13,
        null,
        null,
        1,
        1,
        1,
        null,
        null,
        1,
        1,
        1,
        null,
        null,
        1,
        2,
        2,
        4,
        2,
        null,
        null,
        1,
        3,
        2,
        null,
        1,
        null,
        3,
        3,
        3,
        3,
        3,
        3,
        3,
        3,
        3,
        null,
        3,
        null,
        null,
        1,
        4,
        4,
        4,
        null,
        null,
        1,
        1,
        1,
        null,
        null,
        1,
        2,
        null,
        2,
        2,
        2,
        null,
        null,
        1,
        1,
        1,
        null,
        null
      ],
      "/Users/Allen/Desktop/bhgh/app/models/event_response.rb": [
        1,
        null
      ],
      "/Users/Allen/Desktop/bhgh/app/controllers/auth_controller.rb": [
        0,
        0,
        0,
        0,
        0,
        0,
        0,
        0,
        0,
        0,
        0,
        0,
        0,
        0,
        0
      ],
      "/Users/Allen/Desktop/bhgh/app/models/brag_like.rb": [
        0,
        0
      ]
    },
    "timestamp": 1460079658
  },
  "RSpec": {
    "coverage": {
      "/Users/Allen/Desktop/bhgh/app/helpers/application_helper.rb": [
        1,
        null
      ],
      "/Users/Allen/Desktop/bhgh/app/helpers/auth_helper.rb": [
        1,
        1,
        1,
        null,
        null,
        1,
        0,
        null,
        null
      ],
      "/Users/Allen/Desktop/bhgh/app/helpers/brags_helper.rb": [
        1,
        null
      ],
      "/Users/Allen/Desktop/bhgh/app/helpers/events_helper.rb": [
        1,
        null
      ],
      "/Users/Allen/Desktop/bhgh/app/controllers/application_controller.rb": [
        1,
        1,
        1,
        null,
        null,
        null,
        null,
        1,
        1,
        1,
        1,
        null,
        0,
        null,
        null,
        null,
        1,
        0,
        0,
        0,
        null,
        null,
        null,
        null,
        null,
        1,
        0,
        null,
        null
      ],
      "/Users/Allen/Desktop/bhgh/app/controllers/auth_controller.rb": [
        1,
        1,
        2,
        2,
        2,
        1,
        null,
        1,
        null,
        null,
        1,
        0,
        0,
        null,
        null
      ],
      "/Users/Allen/Desktop/bhgh/app/controllers/brags_controller.rb": [
        1,
        1,
        0,
        0,
        0,
        null,
        null,
        1,
        0,
        0,
        null,
        null,
        1,
        0,
        0,
        null,
        null,
        1,
        0,
        0,
        0,
        null,
        null,
        0,
        0,
        null,
        null,
        1,
        null,
        0,
        0,
        null,
        0,
        null,
        0,
        0,
        0,
        0,
        0,
        null,
        null,
        0,
        0,
        null,
        null,
        null,
        0,
        null,
        0,
        null,
        0,
        0,
        null,
        null,
        null,
        1,
        0,
        0,
        null,
        null,
        1,
        0,
        0,
        null,
        null,
        null
      ],
      "/Users/Allen/Desktop/bhgh/app/models/brag_like.rb": [
        1,
        null
      ],
      "/Users/Allen/Desktop/bhgh/app/models/brag.rb": [
        1,
        1,
        1,
        1,
        null,
        null,
        1,
        1,
        0,
        null,
        1,
        0,
        null,
        null,
        null,
        1,
        2,
        2,
        null,
        null,
        1,
        0,
        0,
        0,
        0,
        null,
        0,
        null,
        0,
        null,
        null,
        1,
        0,
        0,
        0,
        0,
        null,
        0,
        null,
        null
      ],
      "/Users/Allen/Desktop/bhgh/app/models/click.rb": [
        1,
        null
      ],
      "/Users/Allen/Desktop/bhgh/app/models/event_response.rb": [
        1,
        null
      ],
      "/Users/Allen/Desktop/bhgh/app/models/event.rb": [
        1,
        1,
        0,
        0,
        0,
        0,
        null,
        0,
        null,
        0,
        null,
        null,
        1,
        0,
        0,
        0,
        0,
        null,
        0,
        null,
        null,
        1,
        0,
        0,
        0,
        0,
        0,
        0,
        0,
        0,
        0,
        0,
        0,
        null,
        null,
        null,
        null,
        0,
        null,
        0,
        null,
        null,
        1,
        0,
        null,
        1,
        0,
        0,
        0,
        null,
        null,
        1,
        0,
        null,
        null
      ],
      "/Users/Allen/Desktop/bhgh/app/models/member.rb": [
        1,
        1,
        0,
        null,
        null
      ],
      "/Users/Allen/Desktop/bhgh/app/models/photo.rb": [
        1,
        null
      ],
      "/Users/Allen/Desktop/bhgh/app/controllers/events_controller.rb": [
        0,
        0,
        0,
        0,
        0,
        0,
        0,
        0,
        0,
        0,
        0,
        0,
        0,
        0,
        0,
        0,
        0,
        0,
        0,
        0,
        0,
        0,
        0,
        0,
        0,
        0,
        0,
        0,
        0,
        0,
        0,
        0,
        0,
        0,
        0,
        0,
        0,
        0,
        0,
        0,
        0,
        0,
        0,
        0,
        0,
        0,
        0,
        0,
        0,
        0,
        0,
        0,
        0,
        0,
        0,
        0,
        0,
        0,
        0,
        0,
        0,
        0,
        0,
        0,
        0,
        0,
        0,
        0,
        0,
        0,
        0,
        0
      ]
    },
    "timestamp": 1460079675
  }
}
