{
  "Cucumber Features": {
    "coverage": {
      "/Users/davidbliu/Desktop/169/bhgh/app/models/brag.rb": [
        1,
        1,
        1,
        1,
        null,
        null,
        1,
        24,
        0,
        null,
        24,
        0,
        null,
        null,
        null,
        1,
        0,
        null,
        null,
        1,
        48,
        48,
        null,
        null,
        1,
        0,
        0,
        0,
        0,
        null,
        0,
        null,
        0,
        null,
        null,
        1,
        0,
        0,
        0,
        0,
        null,
        0,
        null,
        null
      ],
      "/Users/davidbliu/Desktop/169/bhgh/app/models/member.rb": [
        1,
        1,
        1,
        null,
        null
      ],
      "/Users/davidbliu/Desktop/169/bhgh/app/models/event.rb": [
        1,
        1,
        0,
        0,
        null,
        0,
        null,
        null,
        null,
        1,
        6,
        6,
        6,
        0,
        0,
        null,
        0,
        null,
        6,
        null,
        null,
        null,
        1,
        6,
        3,
        3,
        15,
        null,
        3,
        null,
        null,
        1,
        3,
        3,
        3,
        3,
        3,
        3,
        15,
        15,
        15,
        15,
        15,
        null,
        null,
        null,
        null,
        15,
        null,
        3,
        null,
        null,
        1,
        0,
        null,
        1,
        15,
        15,
        15,
        null,
        null,
        1,
        30,
        null,
        null
      ],
      "/Users/davidbliu/Desktop/169/bhgh/app/controllers/events_controller.rb": [
        1,
        1,
        6,
        6,
        6,
        36,
        6,
        6,
        6,
        6,
        null,
        null,
        1,
        0,
        0,
        null,
        null,
        1,
        0,
        0,
        0,
        null,
        null,
        1,
        0,
        0,
        null,
        null,
        1,
        0,
        0,
        0,
        0,
        null,
        null,
        1,
        0,
        0,
        null,
        0,
        null,
        0,
        0,
        0,
        0,
        0,
        0,
        0,
        0,
        0,
        null,
        0,
        null,
        null,
        1,
        3,
        3,
        3,
        null,
        null,
        1,
        0,
        0,
        null,
        null,
        1,
        0,
        null,
        0,
        0,
        0,
        null,
        null,
        1,
        0,
        0,
        null,
        null
      ],
      "/Users/davidbliu/Desktop/169/bhgh/app/controllers/application_controller.rb": [
        1,
        1,
        1,
        null,
        null,
        null,
        null,
        1,
        9,
        0,
        0,
        null,
        9,
        null,
        null,
        null,
        1,
        9,
        9,
        9,
        null,
        null,
        null,
        null,
        null,
        1,
        0,
        0,
        0,
        0,
        0,
        0,
        0,
        0,
        0,
        null,
        null,
        1,
        0,
        null,
        null
      ],
      "/Users/davidbliu/Desktop/169/bhgh/app/helpers/application_helper.rb": [
        1,
        null
      ],
      "/Users/davidbliu/Desktop/169/bhgh/app/helpers/auth_helper.rb": [
        1,
        1,
        31,
        null,
        null,
        1,
        7,
        null,
        null
      ],
      "/Users/davidbliu/Desktop/169/bhgh/app/helpers/brags_helper.rb": [
        1,
        null
      ],
      "/Users/davidbliu/Desktop/169/bhgh/app/helpers/events_helper.rb": [
        1,
        null
      ],
      "/Users/davidbliu/Desktop/169/bhgh/app/models/click.rb": [
        1,
        null
      ],
      "/Users/davidbliu/Desktop/169/bhgh/app/models/event_response.rb": [
        1,
        null
      ],
      "/Users/davidbliu/Desktop/169/bhgh/app/models/photo.rb": [
        1,
        null
      ],
      "/Users/davidbliu/Desktop/169/bhgh/app/controllers/auth_controller.rb": [
        0,
        0,
        0,
        0,
        0,
        0,
        0,
        0,
        0,
        0,
        0,
        0,
        0,
        0,
        0
      ],
      "/Users/davidbliu/Desktop/169/bhgh/app/controllers/brags_controller.rb": [
        0,
        0,
        0,
        0,
        0,
        0,
        0,
        0,
        0,
        0,
        0,
        0,
        0,
        0,
        0,
        0,
        0,
        0,
        0,
        0
      ],
      "/Users/davidbliu/Desktop/169/bhgh/app/models/brag_like.rb": [
        0,
        0
      ]
    },
    "timestamp": 1460499507
  },
  "RSpec": {
    "coverage": {
      "/Users/davidbliu/Desktop/169/bhgh/app/helpers/application_helper.rb": [
        1,
        null
      ],
      "/Users/davidbliu/Desktop/169/bhgh/app/helpers/auth_helper.rb": [
        1,
        1,
        17,
        null,
        null,
        1,
        0,
        null,
        null
      ],
      "/Users/davidbliu/Desktop/169/bhgh/app/helpers/brags_helper.rb": [
        1,
        null
      ],
      "/Users/davidbliu/Desktop/169/bhgh/app/helpers/events_helper.rb": [
        1,
        null
      ],
      "/Users/davidbliu/Desktop/169/bhgh/app/controllers/application_controller.rb": [
        1,
        1,
        1,
        null,
        null,
        null,
        null,
        1,
        9,
        1,
        1,
        null,
        8,
        null,
        null,
        null,
        1,
        8,
        8,
        8,
        null,
        null,
        null,
        null,
        null,
        1,
        0,
        0,
        0,
        0,
        0,
        0,
        0,
        0,
        0,
        null,
        null,
        1,
        0,
        null,
        null
      ],
      "/Users/davidbliu/Desktop/169/bhgh/app/controllers/auth_controller.rb": [
        1,
        1,
        2,
        2,
        2,
        1,
        null,
        1,
        null,
        null,
        1,
        0,
        0,
        null,
        null
      ],
      "/Users/davidbliu/Desktop/169/bhgh/app/controllers/brags_controller.rb": [
        1,
        null,
        1,
        1,
        1,
        null,
        null,
        1,
        3,
        null,
        null,
        1,
        2,
        null,
        null,
        null,
        null,
        2,
        1,
        null,
        1,
        null,
        null,
        null,
        1,
        2,
        2,
        1,
        null,
        1,
        null,
        null,
        null,
        1,
        1,
        1,
        null,
        null,
        null,
        1,
        null,
        1,
        2,
        null,
        null,
        null,
        null,
        null,
        null,
        null,
        null
      ],
      "/Users/davidbliu/Desktop/169/bhgh/app/controllers/events_controller.rb": [
        1,
        1,
        2,
        null,
        null,
        1,
        0,
        0,
        0,
        null,
        0,
        null,
        null,
        null,
        1,
        0,
        0,
        0,
        null,
        0,
        null,
        null,
        null,
        1,
        0,
        0,
        null,
        null,
        1,
        null,
        null,
        1,
        null,
        1,
        0,
        null,
        null,
        null
      ],
      "/Users/davidbliu/Desktop/169/bhgh/app/models/brag_like.rb": [
        1,
        null
      ],
      "/Users/davidbliu/Desktop/169/bhgh/app/models/brag.rb": [
        1,
        1,
        1,
        1,
        null,
        null,
        1,
        19,
        1,
        null,
        19,
        1,
        null,
        null,
        null,
        1,
        0,
        null,
        null,
        1,
        38,
        38,
        null,
        null,
        1,
        0,
        0,
        0,
        0,
        null,
        0,
        null,
        0,
        null,
        null,
        1,
        0,
        0,
        0,
        0,
        null,
        0,
        null,
        null
      ],
      "/Users/davidbliu/Desktop/169/bhgh/app/models/click.rb": [
        1,
        null
      ],
      "/Users/davidbliu/Desktop/169/bhgh/app/models/event_response.rb": [
        1,
        null
      ],
      "/Users/davidbliu/Desktop/169/bhgh/app/models/event.rb": [
        1,
        1,
        0,
        0,
        null,
        0,
        null,
        null,
        null,
        1,
        0,
        0,
        0,
        0,
        0,
        null,
        0,
        null,
        0,
        null,
        null,
        null,
        1,
        0,
        0,
        0,
        0,
        null,
        0,
        null,
        null,
        1,
        0,
        0,
        0,
        0,
        0,
        0,
        0,
        0,
        0,
        0,
        0,
        null,
        null,
        null,
        null,
        0,
        null,
        0,
        null,
        null,
        1,
        0,
        null,
        1,
        0,
        0,
        0,
        null,
        null,
        1,
        0,
        null,
        null
      ],
      "/Users/davidbliu/Desktop/169/bhgh/app/models/member.rb": [
        1,
        1,
        0,
        null,
        null
      ],
      "/Users/davidbliu/Desktop/169/bhgh/app/models/photo.rb": [
        1,
        null
      ]
    },
    "timestamp": 1460502039
  }
}
